<?xml version="1.0" encoding="UTF-8"?>
<testsuite name="study.datajpa.DataJpaApplicationTests" tests="1" skipped="0" failures="0" errors="0" timestamp="2022-01-13T05:09:37" hostname="DESKTOP-G3OBLHC" time="0.008">
  <properties/>
  <testcase name="contextLoads()" classname="study.datajpa.DataJpaApplicationTests" time="0.008"/>
  <system-out><![CDATA[2022-01-13 14:09:37.373  INFO 11460 --- [    Test worker] .b.t.c.SpringBootTestContextBootstrapper : Neither @ContextConfiguration nor @ContextHierarchy found for test class [study.datajpa.DataJpaApplicationTests], using SpringBootContextLoader
2022-01-13 14:09:37.373  INFO 11460 --- [    Test worker] o.s.t.c.support.AbstractContextLoader    : Could not detect default resource locations for test class [study.datajpa.DataJpaApplicationTests]: no resource found for suffixes {-context.xml, Context.groovy}.
2022-01-13 14:09:37.373  INFO 11460 --- [    Test worker] t.c.s.AnnotationConfigContextLoaderUtils : Could not detect default configuration classes for test class [study.datajpa.DataJpaApplicationTests]: DataJpaApplicationTests does not declare any static, non-private, non-final, nested classes annotated with @Configuration.
2022-01-13 14:09:37.391  INFO 11460 --- [    Test worker] .b.t.c.SpringBootTestContextBootstrapper : Found @SpringBootConfiguration study.datajpa.DataJpaApplication for test class study.datajpa.DataJpaApplicationTests
2022-01-13 14:09:37.391  INFO 11460 --- [    Test worker] .b.t.c.SpringBootTestContextBootstrapper : Loaded default TestExecutionListener class names from location [META-INF/spring.factories]: [org.springframework.boot.test.autoconfigure.restdocs.RestDocsTestExecutionListener, org.springframework.boot.test.autoconfigure.web.client.MockRestServiceServerResetTestExecutionListener, org.springframework.boot.test.autoconfigure.web.servlet.MockMvcPrintOnlyOnFailureTestExecutionListener, org.springframework.boot.test.autoconfigure.web.servlet.WebDriverTestExecutionListener, org.springframework.boot.test.autoconfigure.webservices.client.MockWebServiceServerTestExecutionListener, org.springframework.boot.test.mock.mockito.MockitoTestExecutionListener, org.springframework.boot.test.mock.mockito.ResetMocksTestExecutionListener, org.springframework.test.context.web.ServletTestExecutionListener, org.springframework.test.context.support.DirtiesContextBeforeModesTestExecutionListener, org.springframework.test.context.event.ApplicationEventsTestExecutionListener, org.springframework.test.context.support.DependencyInjectionTestExecutionListener, org.springframework.test.context.support.DirtiesContextTestExecutionListener, org.springframework.test.context.transaction.TransactionalTestExecutionListener, org.springframework.test.context.jdbc.SqlScriptsTestExecutionListener, org.springframework.test.context.event.EventPublishingTestExecutionListener]
2022-01-13 14:09:37.391  INFO 11460 --- [    Test worker] .b.t.c.SpringBootTestContextBootstrapper : Using TestExecutionListeners: [org.springframework.test.context.web.ServletTestExecutionListener@2ffaa711, org.springframework.test.context.support.DirtiesContextBeforeModesTestExecutionListener@3abb6aa, org.springframework.test.context.event.ApplicationEventsTestExecutionListener@34074149, org.springframework.boot.test.mock.mockito.MockitoTestExecutionListener@3f7bf0f6, org.springframework.boot.test.autoconfigure.SpringBootDependencyInjectionTestExecutionListener@45430a27, org.springframework.test.context.support.DirtiesContextTestExecutionListener@1b83fac3, org.springframework.test.context.transaction.TransactionalTestExecutionListener@1500edf3, org.springframework.test.context.jdbc.SqlScriptsTestExecutionListener@759c53e5, org.springframework.test.context.event.EventPublishingTestExecutionListener@28d37d43, org.springframework.boot.test.autoconfigure.restdocs.RestDocsTestExecutionListener@2c02cf78, org.springframework.boot.test.autoconfigure.web.client.MockRestServiceServerResetTestExecutionListener@3e7fc07e, org.springframework.boot.test.autoconfigure.web.servlet.MockMvcPrintOnlyOnFailureTestExecutionListener@29ebaf2f, org.springframework.boot.test.autoconfigure.web.servlet.WebDriverTestExecutionListener@1a61f634, org.springframework.boot.test.autoconfigure.webservices.client.MockWebServiceServerTestExecutionListener@20a2930f, org.springframework.boot.test.mock.mockito.ResetMocksTestExecutionListener@609edb55]
]]></system-out>
  <system-err><![CDATA[]]></system-err>
</testsuite>
